<?xml version="1.0" encoding="UTF-8"?>
<!-- Generated by org.testng.reporters.JUnitReportReporter -->
<testsuite hostname="TEJAL" failures="0" tests="1" name="com.crm.qa.testcases.Testcase_01" time="22.495" errors="0" timestamp="2024-02-18T01:14:32 IST" skipped="0">
  <testcase classname="com.crm.qa.testcases.Testcase_01" name="MethodForEnteringCredentials" time="22.495"/>
  <system-out/>
</testsuite> <!-- com.crm.qa.testcases.Testcase_01 -->
