<?xml version="1.0" encoding="UTF-8"?>
<!-- Generated by org.testng.reporters.JUnitReportReporter -->
<testsuite hostname="TEJAL" failures="0" tests="1" name="com.crm.qa.testcases.Testcase_01" time="30.945" errors="0" timestamp="2024-02-14T22:22:09 IST" skipped="0">
  <testcase classname="com.crm.qa.testcases.Testcase_01" name="MethodForEnteringCredentials" time="30.945"/>
  <system-out/>
</testsuite> <!-- com.crm.qa.testcases.Testcase_01 -->
