<?xml version="1.0" encoding="UTF-8"?>
<!-- Generated by org.testng.reporters.JUnitReportReporter -->
<testsuite hostname="ADITYAM" failures="0" tests="1" name="com.crm.qa.testcases.Testcase_01" time="20.556" errors="0" timestamp="2024-02-20T00:41:49 IST" skipped="0">
  <testcase classname="com.crm.qa.testcases.Testcase_01" name="MethodForEnteringCredentials" time="20.556"/>
  <system-out/>
</testsuite> <!-- com.crm.qa.testcases.Testcase_01 -->
